2021-03-12 23:48:44.678 [Calculator.java] INFO  Calculator - [NATURAL_LOGARITHM] - 1.0
2021-03-12 23:48:44.683 [Calculator.java] INFO  Calculator - [RESULT - NATURAL_LOGARITHM] - 0.0
2021-03-12 23:48:44.684 [Calculator.java] INFO  Calculator - [NATURAL_LOGARITHM] - 4.0
2021-03-12 23:48:44.684 [Calculator.java] INFO  Calculator - [RESULT - NATURAL_LOGARITHM] - 1.3862943611198906
2021-03-12 23:48:44.685 [Calculator.java] INFO  Calculator - [SQUARE_ROOT] - 20.0
2021-03-12 23:48:44.686 [Calculator.java] INFO  Calculator - [RESULT : SQUARE_ROOT] - 4.47213595499958
2021-03-12 23:48:44.686 [Calculator.java] INFO  Calculator - [SQUARE_ROOT] - -1.0
2021-03-12 23:48:44.687 [Calculator.java] INFO  Calculator - [RESULT : SQUARE_ROOT] - NaN
2021-03-12 23:48:44.687 [Calculator.java] INFO  Calculator - [SQUARE_ROOT] - 25.0
2021-03-12 23:48:44.688 [Calculator.java] INFO  Calculator - [RESULT : SQUARE_ROOT] - 5.0
2021-03-12 23:48:44.688 [Calculator.java] INFO  Calculator - [SQUARE_ROOT] - 3.0
2021-03-12 23:48:44.688 [Calculator.java] INFO  Calculator - [RESULT : SQUARE_ROOT] - 1.7320508075688772
2021-03-12 23:48:44.689 [Calculator.java] INFO  Calculator - [FACTORIAL] - 10
2021-03-12 23:48:44.689 [Calculator.java] INFO  Calculator - [RESULT - FACTORIAL] - 3628800
2021-03-12 23:48:44.690 [Calculator.java] INFO  Calculator - [FACTORIAL] - 1
2021-03-12 23:48:44.690 [Calculator.java] INFO  Calculator - [RESULT - FACTORIAL] - 1
2021-03-12 23:48:44.691 [Calculator.java] INFO  Calculator - [NATURAL_LOGARITHM] - 10.0
2021-03-12 23:48:44.692 [Calculator.java] INFO  Calculator - [RESULT - NATURAL_LOGARITHM] - 2.302585092994046
2021-03-12 23:48:44.692 [Calculator.java] INFO  Calculator - [NATURAL_LOGARITHM] - 40.0
2021-03-12 23:48:44.692 [Calculator.java] INFO  Calculator - [RESULT - NATURAL_LOGARITHM] - 3.6888794541139363
2021-03-12 23:48:44.693 [Calculator.java] INFO  Calculator - [FACTORIAL] - 0
2021-03-12 23:48:44.693 [Calculator.java] INFO  Calculator - [RESULT - FACTORIAL] - 1
2021-03-12 23:48:44.693 [Calculator.java] INFO  Calculator - [FACTORIAL] - 4
2021-03-12 23:48:44.694 [Calculator.java] INFO  Calculator - [RESULT - FACTORIAL] - 24
